<?xml version="1.0" encoding="UTF-8"?>
<!-- Generated by org.testng.reporters.JUnitXMLReporter -->
<testsuite ignored="0" hostname="DESKTOP-4MS4ASV" failures="0" tests="4" name="Flipkart Tests" time="60.212" errors="0" timestamp="2024-08-06T09:58:55 IST">
  <testcase classname="com.test.FlipkartTest" name="conclusionTest" time="0.009"/>
  <testcase classname="com.test.FlipkartTest" name="searchProductTest1" time="21.375"/>
  <testcase classname="com.test.FlipkartTest" name="searchProductTest1" time="16.589"/>
  <testcase classname="com.test.FlipkartTest" name="searchProductTest1" time="15.406"/>
</testsuite> <!-- Flipkart Tests -->
