<?xml version="1.0" encoding="UTF-8"?>
<testng-results ignored="0" total="4" passed="4" failed="0" skipped="0">
  <reporter-output>
  </reporter-output>
  <suite started-at="2024-08-06T09:57:54 IST" name="Suite" finished-at="2024-08-06T09:58:55 IST" duration-ms="60212">
    <groups>
    </groups>
    <test started-at="2024-08-06T09:57:54 IST" name="Flipkart Tests" finished-at="2024-08-06T09:58:55 IST" duration-ms="60212">
      <class name="com.test.FlipkartTest">
        <test-method is-config="true" signature="setUp()[pri:0, instance:com.test.FlipkartTest@57a3af25]" started-at="2024-08-06T09:57:54 IST" name="setUp" finished-at="2024-08-06T09:57:59 IST" duration-ms="5014" status="PASS">
          <reporter-output>
          </reporter-output>
        </test-method> <!-- setUp -->
        <test-method signature="conclusionTest()[pri:0, instance:com.test.FlipkartTest@57a3af25]" started-at="2024-08-06T09:57:59 IST" name="conclusionTest" finished-at="2024-08-06T09:58:00 IST" duration-ms="9" status="PASS">
          <reporter-output>
          </reporter-output>
        </test-method> <!-- conclusionTest -->
        <test-method signature="searchProductTest1(java.lang.String)[pri:0, instance:com.test.FlipkartTest@57a3af25]" started-at="2024-08-06T09:58:00 IST" name="searchProductTest1" data-provider="productData" finished-at="2024-08-06T09:58:21 IST" duration-ms="21375" status="PASS">
          <params>
            <param index="0">
              <value>
                <![CDATA[iPhone]]>
              </value>
            </param>
          </params>
          <reporter-output>
          </reporter-output>
        </test-method> <!-- searchProductTest1 -->
        <test-method signature="searchProductTest1(java.lang.String)[pri:0, instance:com.test.FlipkartTest@57a3af25]" started-at="2024-08-06T09:58:21 IST" name="searchProductTest1" data-provider="productData" finished-at="2024-08-06T09:58:38 IST" duration-ms="16589" status="PASS">
          <params>
            <param index="0">
              <value>
                <![CDATA[lenovo]]>
              </value>
            </param>
          </params>
          <reporter-output>
          </reporter-output>
        </test-method> <!-- searchProductTest1 -->
        <test-method signature="searchProductTest1(java.lang.String)[pri:0, instance:com.test.FlipkartTest@57a3af25]" started-at="2024-08-06T09:58:38 IST" name="searchProductTest1" data-provider="productData" finished-at="2024-08-06T09:58:53 IST" duration-ms="15406" status="PASS">
          <params>
            <param index="0">
              <value>
                <![CDATA[TV]]>
              </value>
            </param>
          </params>
          <reporter-output>
          </reporter-output>
        </test-method> <!-- searchProductTest1 -->
        <test-method is-config="true" signature="tearDown()[pri:0, instance:com.test.FlipkartTest@57a3af25]" started-at="2024-08-06T09:58:53 IST" name="tearDown" finished-at="2024-08-06T09:58:55 IST" duration-ms="1742" status="PASS">
          <reporter-output>
          </reporter-output>
        </test-method> <!-- tearDown -->
      </class> <!-- com.test.FlipkartTest -->
    </test> <!-- Flipkart Tests -->
  </suite> <!-- Suite -->
</testng-results>
